This file contains any messages produced by compilers while
running configure, to aid debugging if configure makes a mistake.

It was created by ParIS Parallel index of sequence configure 1.3, which was
generated by GNU Autoconf 2.72.  Invocation command line was

  $ ./configure

## --------- ##
## Platform. ##
## --------- ##

hostname = MacBook-Air-PS-2.fritz.box
uname -m = arm64
uname -r = 25.2.0
uname -s = Darwin
uname -v = Darwin Kernel Version 25.2.0: Tue Nov 18 21:03:25 PST 2025; root:xnu-12377.61.12~1/RELEASE_ARM64_T8122

/usr/bin/uname -p = arm
/bin/uname -X     = unknown

/bin/arch              = unknown
/usr/bin/arch -k       = unknown
/usr/convex/getsysinfo = unknown
/usr/bin/hostinfo      = Mach kernel version:
	 Darwin Kernel Version 25.2.0: Tue Nov 18 21:03:25 PST 2025; root:xnu-12377.61.12~1/RELEASE_ARM64_T8122
Kernel configured for up to 8 processors.
8 processors are physically available.
8 processors are logically available.
Processor type: arm64e (ARM64E)
Processors active: 0 1 2 3 4 5 6 7
Primary memory available: 24.00 gigabytes
Default processor set: 972 tasks, 5270 threads, 8 processors
Load average: 2.98, Mach factor: 5.20
/bin/machine           = unknown
/usr/bin/oslevel       = unknown
/bin/universe          = unknown

PATH: /opt/local/bin/
PATH: /opt/local/sbin/
PATH: /opt/miniconda3/bin/
PATH: /opt/miniconda3/condabin/
PATH: /Users/bzcschae/.cargo/bin/
PATH: /usr/local/texbin/
PATH: /opt/local/bin/
PATH: /opt/local/include/
PATH: /opt/local/sbin/
PATH: /Library/Frameworks/Mono.framework/Versions/5.10.1/bin/
PATH: /usr/local/bin/
PATH: /System/Cryptexes/App/usr/bin/
PATH: /usr/bin/
PATH: /bin/
PATH: /usr/sbin/
PATH: /sbin/
PATH: /var/run/com.apple.security.cryptexd/codex.system/bootstrap/usr/local/bin/
PATH: /var/run/com.apple.security.cryptexd/codex.system/bootstrap/usr/bin/
PATH: /var/run/com.apple.security.cryptexd/codex.system/bootstrap/usr/appleinternal/bin/
PATH: /opt/pmk/env/global/bin/
PATH: /opt/X11/bin/
PATH: /Library/Apple/usr/bin/
PATH: /opt/Ghostscript/bin/
PATH: /opt/ImageMagick/bin/
PATH: /Library/TeX/texbin/
PATH: /Library/Frameworks/Mono.framework/Versions/Current/Commands/
PATH: /opt/local/libexec/llvm-7.0/bin/
PATH: /Users/bzcschae/Library/Application Support/JetBrains/Toolbox/scripts/


## ----------- ##
## Core tests. ##
## ----------- ##

configure:2537: looking for aux files: ar-lib compile missing install-sh
configure:2550:  trying ./
configure:2579:   ./ar-lib found
configure:2579:   ./compile found
configure:2579:   ./missing found
configure:2561:   ./install-sh found
configure:2710: checking for a BSD-compatible install
configure:2784: result: /opt/local/bin/ginstall -c
configure:2795: checking whether sleep supports fractional seconds
configure:2811: result: yes
configure:2814: checking filesystem timestamp resolution
configure:2949: result: 2
configure:2954: checking whether build environment is sane
configure:2999: result: yes
configure:3170: checking for a race-free mkdir -p
configure:3213: result: /opt/local/bin/gmkdir -p
configure:3220: checking for gawk
configure:3256: result: no
configure:3220: checking for mawk
configure:3256: result: no
configure:3220: checking for nawk
configure:3256: result: no
configure:3220: checking for awk
configure:3241: found /usr/bin/awk
configure:3253: result: awk
configure:3264: checking whether make sets $(MAKE)
configure:3288: result: yes
configure:3314: checking whether make supports nested variables
configure:3333: result: yes
configure:3347: checking xargs -n works
configure:3363: result: yes
configure:3443: checking whether UID '501' is supported by ustar format
configure:3449: result: yes
configure:3456: checking whether GID '20' is supported by ustar format
configure:3462: result: yes
configure:3470: checking how to create a ustar tar archive
configure:3481: tar --version
bsdtar 3.5.3 - libarchive 3.7.4 zlib/1.2.12 liblzma/5.4.3 bz2lib/1.0.8 
configure:3484: $? = 0
configure:3524: tardir=conftest.dir && eval tar --format=ustar -chf - "$tardir" >conftest.tar
configure:3527: $? = 0
configure:3531: tar -xf - <conftest.tar
configure:3534: $? = 0
configure:3536: cat conftest.dir/file
GrepMe
configure:3539: $? = 0
configure:3554: result: gnutar
configure:3595: checking whether make supports the include directive
configure:3610: make -f confmf.GNU && cat confinc.out
this is the am__doit target
configure:3613: $? = 0
configure:3632: result: yes (GNU style)
configure:3709: checking for gcc
configure:3742: result: /opt/local/bin/gcc
configure:4101: checking for C compiler version
configure:4110: /opt/local/bin/gcc --version >&5
gcc (MacPorts gcc13 13.4.0_1+stdlib_flag) 13.4.0
Copyright (C) 2023 Free Software Foundation, Inc.
This is free software; see the source for copying conditions.  There is NO
warranty; not even for MERCHANTABILITY or FITNESS FOR A PARTICULAR PURPOSE.

configure:4121: $? = 0
configure:4110: /opt/local/bin/gcc -v >&5
Using built-in specs.
COLLECT_GCC=/opt/local/bin/gcc
COLLECT_LTO_WRAPPER=/opt/local/libexec/gcc/aarch64-apple-darwin25/13.4.0/lto-wrapper
Target: aarch64-apple-darwin25
Configured with: /opt/local/var/macports/build/gcc13-a82e608c/work/gcc-13.4.0/configure --prefix=/opt/local --build=aarch64-apple-darwin25 --enable-languages=c,c++,objc,obj-c++,lto,fortran,m2,jit --libdir=/opt/local/lib/gcc13 --infodir=/opt/local/share/info --mandir=/opt/local/share/man --datarootdir=/opt/local/share/gcc-13 --with-local-prefix=/opt/local --with-system-zlib --disable-nls --program-suffix=-mp-13 --with-gxx-include-dir=/opt/local/include/gcc13/c++/ --with-gmp=/opt/local --with-mpfr=/opt/local --with-mpc=/opt/local --with-isl=/opt/local --with-zstd=/opt/local --enable-checking=release --disable-multilib --enable-lto --enable-libstdcxx-time --with-build-config=bootstrap-debug --with-as=/opt/local/bin/as --with-ld=/opt/local/bin/ld --with-ar=/opt/local/bin/ar --with-bugurl=https://trac.macports.org/newticket --enable-host-shared --with-darwin-extra-rpath=/opt/local/lib/libgcc --with-libiconv-prefix=/opt/local --disable-tls --with-gxx-libcxx-include-dir=/opt/local/libexec/gcc13/libc++/include/c++/v1 --with-pkgversion='MacPorts gcc13 13.4.0_1+stdlib_flag' --with-sysroot=/Library/Developer/CommandLineTools/SDKs/MacOSX26.sdk
Thread model: posix
Supported LTO compression algorithms: zlib zstd
gcc version 13.4.0 (MacPorts gcc13 13.4.0_1+stdlib_flag) 
configure:4121: $? = 0
configure:4110: /opt/local/bin/gcc -V >&5
gcc: error: unrecognized command-line option '-V'
gcc: fatal error: no input files
compilation terminated.
configure:4121: $? = 1
configure:4110: /opt/local/bin/gcc -qversion >&5
gcc: error: unrecognized command-line option '-qversion'; did you mean '--version'?
gcc: fatal error: no input files
compilation terminated.
configure:4121: $? = 1
configure:4110: /opt/local/bin/gcc -version >&5
gcc: error: unrecognized command-line option '-version'
gcc: fatal error: no input files
compilation terminated.
configure:4121: $? = 1
configure:4141: checking whether the C compiler works
configure:4163: /opt/local/bin/gcc    conftest.c  >&5
clang: warning: overriding deployment version from '16.0' to '26.0' [-Woverriding-deployment-version]
configure:4167: $? = 0
configure:4218: result: yes
configure:4222: checking for C compiler default output file name
configure:4224: result: a.out
configure:4230: checking for suffix of executables
configure:4237: /opt/local/bin/gcc -o conftest    conftest.c  >&5
clang: warning: overriding deployment version from '16.0' to '26.0' [-Woverriding-deployment-version]
configure:4241: $? = 0
configure:4265: result: 
configure:4289: checking whether we are cross compiling
configure:4297: /opt/local/bin/gcc -o conftest    conftest.c  >&5
clang: warning: overriding deployment version from '16.0' to '26.0' [-Woverriding-deployment-version]
configure:4301: $? = 0
configure:4308: ./conftest
configure:4312: $? = 0
configure:4327: result: no
configure:4333: checking for suffix of object files
configure:4356: /opt/local/bin/gcc -c   conftest.c >&5
clang: warning: overriding deployment version from '16.0' to '26.0' [-Woverriding-deployment-version]
configure:4360: $? = 0
configure:4384: result: o
configure:4388: checking whether the compiler supports GNU C
configure:4408: /opt/local/bin/gcc -c   conftest.c >&5
clang: warning: overriding deployment version from '16.0' to '26.0' [-Woverriding-deployment-version]
configure:4408: $? = 0
configure:4420: result: yes
configure:4431: checking whether /opt/local/bin/gcc accepts -g
configure:4452: /opt/local/bin/gcc -c -g  conftest.c >&5
clang: warning: overriding deployment version from '16.0' to '26.0' [-Woverriding-deployment-version]
configure:4452: $? = 0
configure: failed program was:
| /* confdefs.h */
| #define PACKAGE_NAME "ParIS Parallel index of sequence"
| #define PACKAGE_TARNAME "libads"
| #define PACKAGE_VERSION "1.3"
| #define PACKAGE_STRING "ParIS Parallel index of sequence 1.3"
| #define PACKAGE_BUGREPORT "botao.peng@parisdescartes.fr"
| #define PACKAGE_URL ""
| /* end confdefs.h.  */
| 
| int
| main (void)
| {
| 
|   ;
|   return 0;
| }
configure:4468: /opt/local/bin/gcc -c   conftest.c >&5
clang: warning: overriding deployment version from '16.0' to '26.0' [-Woverriding-deployment-version]
configure:4468: $? = 0
configure: failed program was:
| /* confdefs.h */
| #define PACKAGE_NAME "ParIS Parallel index of sequence"
| #define PACKAGE_TARNAME "libads"
| #define PACKAGE_VERSION "1.3"
| #define PACKAGE_STRING "ParIS Parallel index of sequence 1.3"
| #define PACKAGE_BUGREPORT "botao.peng@parisdescartes.fr"
| #define PACKAGE_URL ""
| /* end confdefs.h.  */
| 
| int
| main (void)
| {
| 
|   ;
|   return 0;
| }
configure:4485: /opt/local/bin/gcc -c -g  conftest.c >&5
clang: warning: overriding deployment version from '16.0' to '26.0' [-Woverriding-deployment-version]
configure:4485: $? = 0
configure:4499: result: yes
configure:4519: checking for /opt/local/bin/gcc option to enable C11 features
configure:4534: /opt/local/bin/gcc  -c -g -O2  conftest.c >&5
clang: warning: overriding deployment version from '16.0' to '26.0' [-Woverriding-deployment-version]
configure:4534: $? = 0
configure:4553: result: none needed
configure:4677: checking whether /opt/local/bin/gcc understands -c and -o together
configure:4700: /opt/local/bin/gcc -c conftest.c -o conftest2.o
clang: warning: overriding deployment version from '16.0' to '26.0' [-Woverriding-deployment-version]
configure:4703: $? = 0
configure:4700: /opt/local/bin/gcc -c conftest.c -o conftest2.o
clang: warning: overriding deployment version from '16.0' to '26.0' [-Woverriding-deployment-version]
configure:4703: $? = 0
configure:4719: result: yes
configure:4738: checking dependency style of /opt/local/bin/gcc
configure:4851: result: gcc3
configure:4871: checking for stdio.h
configure:4871: /opt/local/bin/gcc -c -g -O2  conftest.c >&5
clang: warning: overriding deployment version from '16.0' to '26.0' [-Woverriding-deployment-version]
configure:4871: $? = 0
configure:4871: result: yes
configure:4871: checking for stdlib.h
configure:4871: /opt/local/bin/gcc -c -g -O2  conftest.c >&5
clang: warning: overriding deployment version from '16.0' to '26.0' [-Woverriding-deployment-version]
configure:4871: $? = 0
configure:4871: result: yes
configure:4871: checking for string.h
configure:4871: /opt/local/bin/gcc -c -g -O2  conftest.c >&5
clang: warning: overriding deployment version from '16.0' to '26.0' [-Woverriding-deployment-version]
configure:4871: $? = 0
configure:4871: result: yes
configure:4871: checking for inttypes.h
configure:4871: /opt/local/bin/gcc -c -g -O2  conftest.c >&5
clang: warning: overriding deployment version from '16.0' to '26.0' [-Woverriding-deployment-version]
configure:4871: $? = 0
configure:4871: result: yes
configure:4871: checking for stdint.h
configure:4871: /opt/local/bin/gcc -c -g -O2  conftest.c >&5
clang: warning: overriding deployment version from '16.0' to '26.0' [-Woverriding-deployment-version]
configure:4871: $? = 0
configure:4871: result: yes
configure:4871: checking for strings.h
configure:4871: /opt/local/bin/gcc -c -g -O2  conftest.c >&5
clang: warning: overriding deployment version from '16.0' to '26.0' [-Woverriding-deployment-version]
configure:4871: $? = 0
configure:4871: result: yes
configure:4871: checking for sys/stat.h
configure:4871: /opt/local/bin/gcc -c -g -O2  conftest.c >&5
clang: warning: overriding deployment version from '16.0' to '26.0' [-Woverriding-deployment-version]
configure:4871: $? = 0
configure:4871: result: yes
configure:4871: checking for sys/types.h
configure:4871: /opt/local/bin/gcc -c -g -O2  conftest.c >&5
clang: warning: overriding deployment version from '16.0' to '26.0' [-Woverriding-deployment-version]
configure:4871: $? = 0
configure:4871: result: yes
configure:4871: checking for unistd.h
configure:4871: /opt/local/bin/gcc -c -g -O2  conftest.c >&5
clang: warning: overriding deployment version from '16.0' to '26.0' [-Woverriding-deployment-version]
configure:4871: $? = 0
configure:4871: result: yes
configure:4871: checking for wchar.h
configure:4871: /opt/local/bin/gcc -c -g -O2  conftest.c >&5
clang: warning: overriding deployment version from '16.0' to '26.0' [-Woverriding-deployment-version]
configure:4871: $? = 0
configure:4871: result: yes
configure:4871: checking for minix/config.h
configure:4871: /opt/local/bin/gcc -c -g -O2  conftest.c >&5
conftest.c:47:10: fatal error: minix/config.h: No such file or directory
   47 | #include <minix/config.h>
      |          ^~~~~~~~~~~~~~~~
compilation terminated.
configure:4871: $? = 1
configure: failed program was:
| /* confdefs.h */
| #define PACKAGE_NAME "ParIS Parallel index of sequence"
| #define PACKAGE_TARNAME "libads"
| #define PACKAGE_VERSION "1.3"
| #define PACKAGE_STRING "ParIS Parallel index of sequence 1.3"
| #define PACKAGE_BUGREPORT "botao.peng@parisdescartes.fr"
| #define PACKAGE_URL ""
| #define HAVE_STDIO_H 1
| #define HAVE_STDLIB_H 1
| #define HAVE_STRING_H 1
| #define HAVE_INTTYPES_H 1
| #define HAVE_STDINT_H 1
| #define HAVE_STRINGS_H 1
| #define HAVE_SYS_STAT_H 1
| #define HAVE_SYS_TYPES_H 1
| #define HAVE_UNISTD_H 1
| #define HAVE_WCHAR_H 1
| /* end confdefs.h.  */
| #include <stddef.h>
| #ifdef HAVE_STDIO_H
| # include <stdio.h>
| #endif
| #ifdef HAVE_STDLIB_H
| # include <stdlib.h>
| #endif
| #ifdef HAVE_STRING_H
| # include <string.h>
| #endif
| #ifdef HAVE_INTTYPES_H
| # include <inttypes.h>
| #endif
| #ifdef HAVE_STDINT_H
| # include <stdint.h>
| #endif
| #ifdef HAVE_STRINGS_H
| # include <strings.h>
| #endif
| #ifdef HAVE_SYS_TYPES_H
| # include <sys/types.h>
| #endif
| #ifdef HAVE_SYS_STAT_H
| # include <sys/stat.h>
| #endif
| #ifdef HAVE_UNISTD_H
| # include <unistd.h>
| #endif
| #include <minix/config.h>
configure:4871: result: no
configure:4902: checking whether it is safe to define __EXTENSIONS__
configure:4921: /opt/local/bin/gcc -c -g -O2  conftest.c >&5
clang: warning: overriding deployment version from '16.0' to '26.0' [-Woverriding-deployment-version]
configure:4921: $? = 0
configure:4931: result: yes
configure:4934: checking whether _XOPEN_SOURCE should be defined
configure:4956: /opt/local/bin/gcc -c -g -O2  conftest.c >&5
clang: warning: overriding deployment version from '16.0' to '26.0' [-Woverriding-deployment-version]
configure:4956: $? = 0
configure:4985: result: no
configure:5174: checking for C++ compiler version
configure:5183: /opt/local/bin/g++ --version >&5
g++ (MacPorts gcc13 13.4.0_1+stdlib_flag) 13.4.0
Copyright (C) 2023 Free Software Foundation, Inc.
This is free software; see the source for copying conditions.  There is NO
warranty; not even for MERCHANTABILITY or FITNESS FOR A PARTICULAR PURPOSE.

configure:5194: $? = 0
configure:5183: /opt/local/bin/g++ -v >&5
Using built-in specs.
COLLECT_GCC=/opt/local/bin/g++
COLLECT_LTO_WRAPPER=/opt/local/libexec/gcc/aarch64-apple-darwin25/13.4.0/lto-wrapper
Target: aarch64-apple-darwin25
Configured with: /opt/local/var/macports/build/gcc13-a82e608c/work/gcc-13.4.0/configure --prefix=/opt/local --build=aarch64-apple-darwin25 --enable-languages=c,c++,objc,obj-c++,lto,fortran,m2,jit --libdir=/opt/local/lib/gcc13 --infodir=/opt/local/share/info --mandir=/opt/local/share/man --datarootdir=/opt/local/share/gcc-13 --with-local-prefix=/opt/local --with-system-zlib --disable-nls --program-suffix=-mp-13 --with-gxx-include-dir=/opt/local/include/gcc13/c++/ --with-gmp=/opt/local --with-mpfr=/opt/local --with-mpc=/opt/local --with-isl=/opt/local --with-zstd=/opt/local --enable-checking=release --disable-multilib --enable-lto --enable-libstdcxx-time --with-build-config=bootstrap-debug --with-as=/opt/local/bin/as --with-ld=/opt/local/bin/ld --with-ar=/opt/local/bin/ar --with-bugurl=https://trac.macports.org/newticket --enable-host-shared --with-darwin-extra-rpath=/opt/local/lib/libgcc --with-libiconv-prefix=/opt/local --disable-tls --with-gxx-libcxx-include-dir=/opt/local/libexec/gcc13/libc++/include/c++/v1 --with-pkgversion='MacPorts gcc13 13.4.0_1+stdlib_flag' --with-sysroot=/Library/Developer/CommandLineTools/SDKs/MacOSX26.sdk
Thread model: posix
Supported LTO compression algorithms: zlib zstd
gcc version 13.4.0 (MacPorts gcc13 13.4.0_1+stdlib_flag) 
configure:5194: $? = 0
configure:5183: /opt/local/bin/g++ -V >&5
g++: error: unrecognized command-line option '-V'
g++: fatal error: no input files
compilation terminated.
configure:5194: $? = 1
configure:5183: /opt/local/bin/g++ -qversion >&5
g++: error: unrecognized command-line option '-qversion'; did you mean '--version'?
g++: fatal error: no input files
compilation terminated.
configure:5194: $? = 1
configure:5198: checking whether the compiler supports GNU C++
configure:5218: /opt/local/bin/g++ -c   conftest.cpp >&5
clang: warning: overriding deployment version from '16.0' to '26.0' [-Woverriding-deployment-version]
configure:5218: $? = 0
configure:5230: result: yes
configure:5241: checking whether /opt/local/bin/g++ accepts -g
configure:5262: /opt/local/bin/g++ -c -g  conftest.cpp >&5
clang: warning: overriding deployment version from '16.0' to '26.0' [-Woverriding-deployment-version]
configure:5262: $? = 0
configure: failed program was:
| /* confdefs.h */
| #define PACKAGE_NAME "ParIS Parallel index of sequence"
| #define PACKAGE_TARNAME "libads"
| #define PACKAGE_VERSION "1.3"
| #define PACKAGE_STRING "ParIS Parallel index of sequence 1.3"
| #define PACKAGE_BUGREPORT "botao.peng@parisdescartes.fr"
| #define PACKAGE_URL ""
| #define HAVE_STDIO_H 1
| #define HAVE_STDLIB_H 1
| #define HAVE_STRING_H 1
| #define HAVE_INTTYPES_H 1
| #define HAVE_STDINT_H 1
| #define HAVE_STRINGS_H 1
| #define HAVE_SYS_STAT_H 1
| #define HAVE_SYS_TYPES_H 1
| #define HAVE_UNISTD_H 1
| #define HAVE_WCHAR_H 1
| #define STDC_HEADERS 1
| #define _ALL_SOURCE 1
| #define _DARWIN_C_SOURCE 1
| #define _GNU_SOURCE 1
| #define _HPUX_ALT_XOPEN_SOCKET_API 1
| #define _NETBSD_SOURCE 1
| #define _OPENBSD_SOURCE 1
| #define _POSIX_PTHREAD_SEMANTICS 1
| #define __STDC_WANT_IEC_60559_ATTRIBS_EXT__ 1
| #define __STDC_WANT_IEC_60559_BFP_EXT__ 1
| #define __STDC_WANT_IEC_60559_DFP_EXT__ 1
| #define __STDC_WANT_IEC_60559_EXT__ 1
| #define __STDC_WANT_IEC_60559_FUNCS_EXT__ 1
| #define __STDC_WANT_IEC_60559_TYPES_EXT__ 1
| #define __STDC_WANT_LIB_EXT2__ 1
| #define __STDC_WANT_MATH_SPEC_FUNCS__ 1
| #define _TANDEM_SOURCE 1
| #define __EXTENSIONS__ 1
| /* end confdefs.h.  */
| 
| int
| main (void)
| {
| 
|   ;
|   return 0;
| }
configure:5278: /opt/local/bin/g++ -c   conftest.cpp >&5
clang: warning: overriding deployment version from '16.0' to '26.0' [-Woverriding-deployment-version]
configure:5278: $? = 0
configure: failed program was:
| /* confdefs.h */
| #define PACKAGE_NAME "ParIS Parallel index of sequence"
| #define PACKAGE_TARNAME "libads"
| #define PACKAGE_VERSION "1.3"
| #define PACKAGE_STRING "ParIS Parallel index of sequence 1.3"
| #define PACKAGE_BUGREPORT "botao.peng@parisdescartes.fr"
| #define PACKAGE_URL ""
| #define HAVE_STDIO_H 1
| #define HAVE_STDLIB_H 1
| #define HAVE_STRING_H 1
| #define HAVE_INTTYPES_H 1
| #define HAVE_STDINT_H 1
| #define HAVE_STRINGS_H 1
| #define HAVE_SYS_STAT_H 1
| #define HAVE_SYS_TYPES_H 1
| #define HAVE_UNISTD_H 1
| #define HAVE_WCHAR_H 1
| #define STDC_HEADERS 1
| #define _ALL_SOURCE 1
| #define _DARWIN_C_SOURCE 1
| #define _GNU_SOURCE 1
| #define _HPUX_ALT_XOPEN_SOCKET_API 1
| #define _NETBSD_SOURCE 1
| #define _OPENBSD_SOURCE 1
| #define _POSIX_PTHREAD_SEMANTICS 1
| #define __STDC_WANT_IEC_60559_ATTRIBS_EXT__ 1
| #define __STDC_WANT_IEC_60559_BFP_EXT__ 1
| #define __STDC_WANT_IEC_60559_DFP_EXT__ 1
| #define __STDC_WANT_IEC_60559_EXT__ 1
| #define __STDC_WANT_IEC_60559_FUNCS_EXT__ 1
| #define __STDC_WANT_IEC_60559_TYPES_EXT__ 1
| #define __STDC_WANT_LIB_EXT2__ 1
| #define __STDC_WANT_MATH_SPEC_FUNCS__ 1
| #define _TANDEM_SOURCE 1
| #define __EXTENSIONS__ 1
| /* end confdefs.h.  */
| 
| int
| main (void)
| {
| 
|   ;
|   return 0;
| }
configure:5295: /opt/local/bin/g++ -c -g  conftest.cpp >&5
clang: warning: overriding deployment version from '16.0' to '26.0' [-Woverriding-deployment-version]
configure:5295: $? = 0
configure:5309: result: yes
configure:5329: checking for /opt/local/bin/g++ option to enable C++11 features
configure:5344: /opt/local/bin/g++  -c -g -O2  conftest.cpp >&5
conftest.cpp: In function 'int main(int, char**)':
conftest.cpp:203:25: warning: empty parentheses were disambiguated as a function declaration [-Wvexing-parse]
  203 |   cxx11test::delegate d2();
      |                         ^~
conftest.cpp:203:25: note: remove parentheses to default-initialize a variable
  203 |   cxx11test::delegate d2();
      |                         ^~
      |                         --
conftest.cpp:203:25: note: or replace parentheses with braces to value-initialize a variable
clang: warning: overriding deployment version from '16.0' to '26.0' [-Woverriding-deployment-version]
configure:5344: $? = 0
configure:5363: result: none needed
configure:5434: checking dependency style of /opt/local/bin/g++
configure:5547: result: gcc3
configure:5616: checking for gcc
configure:5649: result: /opt/local/bin/gcc
configure:6008: checking for C compiler version
configure:6017: /opt/local/bin/gcc --version >&5
gcc (MacPorts gcc13 13.4.0_1+stdlib_flag) 13.4.0
Copyright (C) 2023 Free Software Foundation, Inc.
This is free software; see the source for copying conditions.  There is NO
warranty; not even for MERCHANTABILITY or FITNESS FOR A PARTICULAR PURPOSE.

configure:6028: $? = 0
configure:6017: /opt/local/bin/gcc -v >&5
Using built-in specs.
COLLECT_GCC=/opt/local/bin/gcc
COLLECT_LTO_WRAPPER=/opt/local/libexec/gcc/aarch64-apple-darwin25/13.4.0/lto-wrapper
Target: aarch64-apple-darwin25
Configured with: /opt/local/var/macports/build/gcc13-a82e608c/work/gcc-13.4.0/configure --prefix=/opt/local --build=aarch64-apple-darwin25 --enable-languages=c,c++,objc,obj-c++,lto,fortran,m2,jit --libdir=/opt/local/lib/gcc13 --infodir=/opt/local/share/info --mandir=/opt/local/share/man --datarootdir=/opt/local/share/gcc-13 --with-local-prefix=/opt/local --with-system-zlib --disable-nls --program-suffix=-mp-13 --with-gxx-include-dir=/opt/local/include/gcc13/c++/ --with-gmp=/opt/local --with-mpfr=/opt/local --with-mpc=/opt/local --with-isl=/opt/local --with-zstd=/opt/local --enable-checking=release --disable-multilib --enable-lto --enable-libstdcxx-time --with-build-config=bootstrap-debug --with-as=/opt/local/bin/as --with-ld=/opt/local/bin/ld --with-ar=/opt/local/bin/ar --with-bugurl=https://trac.macports.org/newticket --enable-host-shared --with-darwin-extra-rpath=/opt/local/lib/libgcc --with-libiconv-prefix=/opt/local --disable-tls --with-gxx-libcxx-include-dir=/opt/local/libexec/gcc13/libc++/include/c++/v1 --with-pkgversion='MacPorts gcc13 13.4.0_1+stdlib_flag' --with-sysroot=/Library/Developer/CommandLineTools/SDKs/MacOSX26.sdk
Thread model: posix
Supported LTO compression algorithms: zlib zstd
gcc version 13.4.0 (MacPorts gcc13 13.4.0_1+stdlib_flag) 
configure:6028: $? = 0
configure:6017: /opt/local/bin/gcc -V >&5
gcc: error: unrecognized command-line option '-V'
gcc: fatal error: no input files
compilation terminated.
configure:6028: $? = 1
configure:6017: /opt/local/bin/gcc -qversion >&5
gcc: error: unrecognized command-line option '-qversion'; did you mean '--version'?
gcc: fatal error: no input files
compilation terminated.
configure:6028: $? = 1
configure:6017: /opt/local/bin/gcc -version >&5
gcc: error: unrecognized command-line option '-version'
gcc: fatal error: no input files
compilation terminated.
configure:6028: $? = 1
configure:6032: checking whether the compiler supports GNU C
configure:6064: result: yes
configure:6075: checking whether /opt/local/bin/gcc accepts -g
configure:6143: result: yes
configure:6163: checking for /opt/local/bin/gcc option to enable C11 features
configure:6197: result: none needed
configure:6321: checking whether /opt/local/bin/gcc understands -c and -o together
configure:6363: result: yes
configure:6382: checking dependency style of /opt/local/bin/gcc
configure:6495: result: gcc3
configure:6559: checking for ranlib
configure:6580: found /opt/local/bin/ranlib
configure:6592: result: ranlib
configure:6670: checking for ar
configure:6691: found /opt/local/bin/ar
configure:6703: result: ar
configure:6730: checking the archiver (ar) interface
configure:6747: /opt/local/bin/gcc -c -g -O2  conftest.c >&5
clang: warning: overriding deployment version from '16.0' to '26.0' [-Woverriding-deployment-version]
configure:6747: $? = 0
configure:6750: ar cr libconftest.a conftest.o >&5
configure:6753: $? = 0
configure:6782: result: ar
configure:6803: checking for values.h
configure:6803: /opt/local/bin/gcc -c -g -O2  conftest.c >&5
conftest.c:65:10: fatal error: values.h: No such file or directory
   65 | #include <values.h>
      |          ^~~~~~~~~~
compilation terminated.
configure:6803: $? = 1
configure: failed program was:
| /* confdefs.h */
| #define PACKAGE_NAME "ParIS Parallel index of sequence"
| #define PACKAGE_TARNAME "libads"
| #define PACKAGE_VERSION "1.3"
| #define PACKAGE_STRING "ParIS Parallel index of sequence 1.3"
| #define PACKAGE_BUGREPORT "botao.peng@parisdescartes.fr"
| #define PACKAGE_URL ""
| #define HAVE_STDIO_H 1
| #define HAVE_STDLIB_H 1
| #define HAVE_STRING_H 1
| #define HAVE_INTTYPES_H 1
| #define HAVE_STDINT_H 1
| #define HAVE_STRINGS_H 1
| #define HAVE_SYS_STAT_H 1
| #define HAVE_SYS_TYPES_H 1
| #define HAVE_UNISTD_H 1
| #define HAVE_WCHAR_H 1
| #define STDC_HEADERS 1
| #define _ALL_SOURCE 1
| #define _DARWIN_C_SOURCE 1
| #define _GNU_SOURCE 1
| #define _HPUX_ALT_XOPEN_SOCKET_API 1
| #define _NETBSD_SOURCE 1
| #define _OPENBSD_SOURCE 1
| #define _POSIX_PTHREAD_SEMANTICS 1
| #define __STDC_WANT_IEC_60559_ATTRIBS_EXT__ 1
| #define __STDC_WANT_IEC_60559_BFP_EXT__ 1
| #define __STDC_WANT_IEC_60559_DFP_EXT__ 1
| #define __STDC_WANT_IEC_60559_EXT__ 1
| #define __STDC_WANT_IEC_60559_FUNCS_EXT__ 1
| #define __STDC_WANT_IEC_60559_TYPES_EXT__ 1
| #define __STDC_WANT_LIB_EXT2__ 1
| #define __STDC_WANT_MATH_SPEC_FUNCS__ 1
| #define _TANDEM_SOURCE 1
| #define __EXTENSIONS__ 1
| /* end confdefs.h.  */
| #include <stddef.h>
| #ifdef HAVE_STDIO_H
| # include <stdio.h>
| #endif
| #ifdef HAVE_STDLIB_H
| # include <stdlib.h>
| #endif
| #ifdef HAVE_STRING_H
| # include <string.h>
| #endif
| #ifdef HAVE_INTTYPES_H
| # include <inttypes.h>
| #endif
| #ifdef HAVE_STDINT_H
| # include <stdint.h>
| #endif
| #ifdef HAVE_STRINGS_H
| # include <strings.h>
| #endif
| #ifdef HAVE_SYS_TYPES_H
| # include <sys/types.h>
| #endif
| #ifdef HAVE_SYS_STAT_H
| # include <sys/stat.h>
| #endif
| #ifdef HAVE_UNISTD_H
| # include <unistd.h>
| #endif
| #include <values.h>
configure:6803: result: no
configure:6900: checking whether the compiler supports AVX2 intrinsics
configure:6917: /opt/local/bin/gcc -c -g -O2 -mavx2  conftest.c >&5
gcc: error: unrecognized command-line option '-mavx2'
configure:6917: $? = 1
configure: failed program was:
| /* confdefs.h */
| #define PACKAGE_NAME "ParIS Parallel index of sequence"
| #define PACKAGE_TARNAME "libads"
| #define PACKAGE_VERSION "1.3"
| #define PACKAGE_STRING "ParIS Parallel index of sequence 1.3"
| #define PACKAGE_BUGREPORT "botao.peng@parisdescartes.fr"
| #define PACKAGE_URL ""
| #define HAVE_STDIO_H 1
| #define HAVE_STDLIB_H 1
| #define HAVE_STRING_H 1
| #define HAVE_INTTYPES_H 1
| #define HAVE_STDINT_H 1
| #define HAVE_STRINGS_H 1
| #define HAVE_SYS_STAT_H 1
| #define HAVE_SYS_TYPES_H 1
| #define HAVE_UNISTD_H 1
| #define HAVE_WCHAR_H 1
| #define STDC_HEADERS 1
| #define _ALL_SOURCE 1
| #define _DARWIN_C_SOURCE 1
| #define _GNU_SOURCE 1
| #define _HPUX_ALT_XOPEN_SOCKET_API 1
| #define _NETBSD_SOURCE 1
| #define _OPENBSD_SOURCE 1
| #define _POSIX_PTHREAD_SEMANTICS 1
| #define __STDC_WANT_IEC_60559_ATTRIBS_EXT__ 1
| #define __STDC_WANT_IEC_60559_BFP_EXT__ 1
| #define __STDC_WANT_IEC_60559_DFP_EXT__ 1
| #define __STDC_WANT_IEC_60559_EXT__ 1
| #define __STDC_WANT_IEC_60559_FUNCS_EXT__ 1
| #define __STDC_WANT_IEC_60559_TYPES_EXT__ 1
| #define __STDC_WANT_LIB_EXT2__ 1
| #define __STDC_WANT_MATH_SPEC_FUNCS__ 1
| #define _TANDEM_SOURCE 1
| #define __EXTENSIONS__ 1
| #define BENCHMARK /**/
| #define VERBOSE 0
| /* end confdefs.h.  */
| #include <immintrin.h>
| int
| main (void)
| {
| __m256 a = _mm256_set1_ps(1.0f);
|                             __m256 b = _mm256_add_ps(a, a);
|                             return (int)_mm_cvtss_f32(_mm256_castps256_ps128(b));
|   ;
|   return 0;
| }
configure:6934: result: no
configure:7010: checking for pkg-config
configure:7033: found /opt/local/bin/pkg-config
configure:7046: result: /opt/local/bin/pkg-config
configure:7071: checking pkg-config is at least version 0.9.0
configure:7074: result: yes
configure:7178: checking for pthread_barrier_t
configure:7197: /opt/local/bin/gcc -o conftest -g -O2   conftest.c  -lpthread >&5
conftest.c: In function 'main':
conftest.c:44:1: error: unknown type name 'pthread_barrier_t'; did you mean 'pthread_override_t'?
   44 | pthread_barrier_t barrier;
      | ^~~~~~~~~~~~~~~~~
      | pthread_override_t
conftest.c:45:25: warning: implicit declaration of function 'pthread_barrier_init'; did you mean 'pthread_attr_init'? [-Wimplicit-function-declaration]
   45 |                         pthread_barrier_init(&barrier, NULL, 2);
      |                         ^~~~~~~~~~~~~~~~~~~~
      |                         pthread_attr_init
conftest.c:46:25: warning: implicit declaration of function 'pthread_barrier_wait'; did you mean 'pthread_cond_wait'? [-Wimplicit-function-declaration]
   46 |                         pthread_barrier_wait(&barrier);
      |                         ^~~~~~~~~~~~~~~~~~~~
      |                         pthread_cond_wait
conftest.c:47:25: warning: implicit declaration of function 'pthread_barrier_destroy'; did you mean 'pthread_attr_destroy'? [-Wimplicit-function-declaration]
   47 |                         pthread_barrier_destroy(&barrier);
      |                         ^~~~~~~~~~~~~~~~~~~~~~~
      |                         pthread_attr_destroy
configure:7197: $? = 1
configure: failed program was:
| /* confdefs.h */
| #define PACKAGE_NAME "ParIS Parallel index of sequence"
| #define PACKAGE_TARNAME "libads"
| #define PACKAGE_VERSION "1.3"
| #define PACKAGE_STRING "ParIS Parallel index of sequence 1.3"
| #define PACKAGE_BUGREPORT "botao.peng@parisdescartes.fr"
| #define PACKAGE_URL ""
| #define HAVE_STDIO_H 1
| #define HAVE_STDLIB_H 1
| #define HAVE_STRING_H 1
| #define HAVE_INTTYPES_H 1
| #define HAVE_STDINT_H 1
| #define HAVE_STRINGS_H 1
| #define HAVE_SYS_STAT_H 1
| #define HAVE_SYS_TYPES_H 1
| #define HAVE_UNISTD_H 1
| #define HAVE_WCHAR_H 1
| #define STDC_HEADERS 1
| #define _ALL_SOURCE 1
| #define _DARWIN_C_SOURCE 1
| #define _GNU_SOURCE 1
| #define _HPUX_ALT_XOPEN_SOCKET_API 1
| #define _NETBSD_SOURCE 1
| #define _OPENBSD_SOURCE 1
| #define _POSIX_PTHREAD_SEMANTICS 1
| #define __STDC_WANT_IEC_60559_ATTRIBS_EXT__ 1
| #define __STDC_WANT_IEC_60559_BFP_EXT__ 1
| #define __STDC_WANT_IEC_60559_DFP_EXT__ 1
| #define __STDC_WANT_IEC_60559_EXT__ 1
| #define __STDC_WANT_IEC_60559_FUNCS_EXT__ 1
| #define __STDC_WANT_IEC_60559_TYPES_EXT__ 1
| #define __STDC_WANT_LIB_EXT2__ 1
| #define __STDC_WANT_MATH_SPEC_FUNCS__ 1
| #define _TANDEM_SOURCE 1
| #define __EXTENSIONS__ 1
| #define BENCHMARK /**/
| #define VERBOSE 0
| #define ADS_HAVE_AVX2 0
| /* end confdefs.h.  */
| #include <pthread.h>
| int
| main (void)
| {
| pthread_barrier_t barrier;
|                         pthread_barrier_init(&barrier, NULL, 2);
|                         pthread_barrier_wait(&barrier);
|                         pthread_barrier_destroy(&barrier);
|                         return 0;
|   ;
|   return 0;
| }
configure:7205: result: no
configure:7327: checking that generated files are newer than configure
configure:7333: result: done
configure:7376: creating ./config.status

## ---------------------- ##
## Running config.status. ##
## ---------------------- ##

This file was extended by ParIS Parallel index of sequence config.status 1.3, which was
generated by GNU Autoconf 2.72.  Invocation command line was

  CONFIG_FILES    = 
  CONFIG_HEADERS  = 
  CONFIG_LINKS    = 
  CONFIG_COMMANDS = 
  $ ./config.status 

on MacBook-Air-PS-2.fritz.box

config.status:886: creating Makefile
config.status:886: creating config.h
config.status:1067: config.h is unchanged
config.status:1115: executing depfiles commands
config.status:1192: cd .       && sed -e '/# am--include-marker/d' Makefile         | make -f - am--depfiles
make: Nothing to be done for `am--depfiles'.
config.status:1197: $? = 0

## ---------------- ##
## Cache variables. ##
## ---------------- ##

ac_cv_c_compiler_gnu=yes
ac_cv_cxx_compiler_gnu=yes
ac_cv_env_CCC_set=
ac_cv_env_CCC_value=
ac_cv_env_CC_set=set
ac_cv_env_CC_value=/opt/local/bin/gcc
ac_cv_env_CFLAGS_set=
ac_cv_env_CFLAGS_value=
ac_cv_env_CPPFLAGS_set=
ac_cv_env_CPPFLAGS_value=
ac_cv_env_CXXFLAGS_set=
ac_cv_env_CXXFLAGS_value=
ac_cv_env_CXX_set=set
ac_cv_env_CXX_value=/opt/local/bin/g++
ac_cv_env_LDFLAGS_set=
ac_cv_env_LDFLAGS_value=
ac_cv_env_LIBS_set=
ac_cv_env_LIBS_value=
ac_cv_env_PKG_CONFIG_LIBDIR_set=
ac_cv_env_PKG_CONFIG_LIBDIR_value=
ac_cv_env_PKG_CONFIG_PATH_set=
ac_cv_env_PKG_CONFIG_PATH_value=
ac_cv_env_PKG_CONFIG_set=
ac_cv_env_PKG_CONFIG_value=
ac_cv_env_build_alias_set=
ac_cv_env_build_alias_value=
ac_cv_env_host_alias_set=
ac_cv_env_host_alias_value=
ac_cv_env_target_alias_set=
ac_cv_env_target_alias_value=
ac_cv_header_inttypes_h=yes
ac_cv_header_minix_config_h=no
ac_cv_header_stdint_h=yes
ac_cv_header_stdio_h=yes
ac_cv_header_stdlib_h=yes
ac_cv_header_string_h=yes
ac_cv_header_strings_h=yes
ac_cv_header_sys_stat_h=yes
ac_cv_header_sys_types_h=yes
ac_cv_header_unistd_h=yes
ac_cv_header_values_h=no
ac_cv_header_wchar_h=yes
ac_cv_objext=o
ac_cv_path_ac_pt_PKG_CONFIG=/opt/local/bin/pkg-config
ac_cv_path_install='/opt/local/bin/ginstall -c'
ac_cv_path_mkdir=/opt/local/bin/gmkdir
ac_cv_prog_AWK=awk
ac_cv_prog_ac_ct_AR=ar
ac_cv_prog_ac_ct_CC=/opt/local/bin/gcc
ac_cv_prog_ac_ct_RANLIB=ranlib
ac_cv_prog_cc_c11=
ac_cv_prog_cc_g=yes
ac_cv_prog_cc_stdc=
ac_cv_prog_cxx_cxx11=
ac_cv_prog_cxx_g=yes
ac_cv_prog_cxx_stdcxx=
ac_cv_prog_make_make_set=yes
ac_cv_safe_to_define___extensions__=yes
ac_cv_should_define__xopen_source=no
am_cv_CC_dependencies_compiler_type=gcc3
am_cv_CXX_dependencies_compiler_type=gcc3
am_cv_ar_interface=ar
am_cv_filesystem_timestamp_resolution=2
am_cv_make_support_nested_variables=yes
am_cv_prog_cc_c_o=yes
am_cv_prog_tar_ustar=gnutar
am_cv_sleep_fractional_seconds=yes
am_cv_xargs_n_works=yes

## ----------------- ##
## Output variables. ##
## ----------------- ##

ACLOCAL='${SHELL} '\''/Users/bzcschae/workspace/Messi/MESSI-SFA/missing'\'' aclocal-1.18'
AMDEPBACKSLASH='\'
AMDEP_FALSE='#'
AMDEP_TRUE=''
AMTAR='$${TAR-tar}'
AM_BACKSLASH='\'
AM_DEFAULT_V='$(AM_DEFAULT_VERBOSITY)'
AM_DEFAULT_VERBOSITY='1'
AM_V='$(V)'
AR='ar'
AUTOCONF='${SHELL} '\''/Users/bzcschae/workspace/Messi/MESSI-SFA/missing'\'' autoconf'
AUTOHEADER='${SHELL} '\''/Users/bzcschae/workspace/Messi/MESSI-SFA/missing'\'' autoheader'
AUTOMAKE='${SHELL} '\''/Users/bzcschae/workspace/Messi/MESSI-SFA/missing'\'' automake-1.18'
AWK='awk'
CC='/opt/local/bin/gcc'
CCDEPMODE='depmode=gcc3'
CFLAGS='-g -O2'
CPPFLAGS=''
CSCOPE='cscope'
CTAGS='ctags'
CXX='/opt/local/bin/g++'
CXXDEPMODE='depmode=gcc3'
CXXFLAGS='-g -O2'
CYGPATH_W='echo'
DEFS='-DHAVE_CONFIG_H'
DEPDIR='.deps'
ECHO_C='\c'
ECHO_N=''
ECHO_T=''
ETAGS='etags'
EXEEXT=''
FFTW_CFLAGS='-I/opt/local/include'
FFTW_LIBS='-L/opt/local/lib -lfftw3f'
INSTALL_DATA='${INSTALL} -m 644'
INSTALL_PROGRAM='${INSTALL}'
INSTALL_SCRIPT='${INSTALL}'
INSTALL_STRIP_PROGRAM='$(install_sh) -c -s'
LDFLAGS=''
LIBOBJS=''
LIBS=''
LTLIBOBJS=''
MAKEINFO='${SHELL} '\''/Users/bzcschae/workspace/Messi/MESSI-SFA/missing'\'' makeinfo'
MKDIR_P='/opt/local/bin/gmkdir -p'
OBJEXT='o'
PACKAGE='libads'
PACKAGE_BUGREPORT='botao.peng@parisdescartes.fr'
PACKAGE_NAME='ParIS Parallel index of sequence'
PACKAGE_STRING='ParIS Parallel index of sequence 1.3'
PACKAGE_TARNAME='libads'
PACKAGE_URL=''
PACKAGE_VERSION='1.3'
PATH_SEPARATOR=':'
PKG_CONFIG='/opt/local/bin/pkg-config'
PKG_CONFIG_LIBDIR=''
PKG_CONFIG_PATH=''
RANLIB='ranlib'
SET_MAKE=''
SHELL='/bin/sh'
SIMD_CFLAGS=''
STRIP=''
VERSION='1.3'
ac_ct_AR='ar'
ac_ct_CC='/opt/local/bin/gcc'
ac_ct_CXX=''
am__EXEEXT_FALSE=''
am__EXEEXT_TRUE='#'
am__fastdepCC_FALSE='#'
am__fastdepCC_TRUE=''
am__fastdepCXX_FALSE='#'
am__fastdepCXX_TRUE=''
am__include='include'
am__isrc=''
am__leading_dot='.'
am__nodep='_no'
am__quote=''
am__rm_f_notfound=''
am__tar='tar --format=ustar -chf - "$$tardir"'
am__untar='tar -xf -'
am__xargs_n='xargs -n'
bindir='${exec_prefix}/bin'
build_alias=''
datadir='${datarootdir}'
datarootdir='${prefix}/share'
docdir='${datarootdir}/doc/${PACKAGE_TARNAME}'
dvidir='${docdir}'
exec_prefix='${prefix}'
host_alias=''
htmldir='${docdir}'
includedir='${prefix}/include'
infodir='${datarootdir}/info'
install_sh='${SHELL} /Users/bzcschae/workspace/Messi/MESSI-SFA/install-sh'
libdir='${exec_prefix}/lib'
libexecdir='${exec_prefix}/libexec'
localedir='${datarootdir}/locale'
localstatedir='${prefix}/var'
mandir='${datarootdir}/man'
mkdir_p='$(MKDIR_P)'
oldincludedir='/usr/include'
pdfdir='${docdir}'
prefix='/usr/local'
program_transform_name='s,x,x,'
psdir='${docdir}'
runstatedir='${localstatedir}/run'
sbindir='${exec_prefix}/sbin'
sharedstatedir='${prefix}/com'
sysconfdir='${prefix}/etc'
target_alias=''

## ----------- ##
## confdefs.h. ##
## ----------- ##

/* confdefs.h */
#define PACKAGE_NAME "ParIS Parallel index of sequence"
#define PACKAGE_TARNAME "libads"
#define PACKAGE_VERSION "1.3"
#define PACKAGE_STRING "ParIS Parallel index of sequence 1.3"
#define PACKAGE_BUGREPORT "botao.peng@parisdescartes.fr"
#define PACKAGE_URL ""
#define HAVE_STDIO_H 1
#define HAVE_STDLIB_H 1
#define HAVE_STRING_H 1
#define HAVE_INTTYPES_H 1
#define HAVE_STDINT_H 1
#define HAVE_STRINGS_H 1
#define HAVE_SYS_STAT_H 1
#define HAVE_SYS_TYPES_H 1
#define HAVE_UNISTD_H 1
#define HAVE_WCHAR_H 1
#define STDC_HEADERS 1
#define _ALL_SOURCE 1
#define _DARWIN_C_SOURCE 1
#define _GNU_SOURCE 1
#define _HPUX_ALT_XOPEN_SOCKET_API 1
#define _NETBSD_SOURCE 1
#define _OPENBSD_SOURCE 1
#define _POSIX_PTHREAD_SEMANTICS 1
#define __STDC_WANT_IEC_60559_ATTRIBS_EXT__ 1
#define __STDC_WANT_IEC_60559_BFP_EXT__ 1
#define __STDC_WANT_IEC_60559_DFP_EXT__ 1
#define __STDC_WANT_IEC_60559_EXT__ 1
#define __STDC_WANT_IEC_60559_FUNCS_EXT__ 1
#define __STDC_WANT_IEC_60559_TYPES_EXT__ 1
#define __STDC_WANT_LIB_EXT2__ 1
#define __STDC_WANT_MATH_SPEC_FUNCS__ 1
#define _TANDEM_SOURCE 1
#define __EXTENSIONS__ 1
#define BENCHMARK /**/
#define VERBOSE 0
#define ADS_HAVE_AVX2 0
#define HAVE_PTHREAD_BARRIER 0

configure: exit 0
