This file contains any messages produced by compilers while
running configure, to aid debugging if configure makes a mistake.

It was created by ParIS Parallel index of sequence configure 1.3, which was
generated by GNU Autoconf 2.71.  Invocation command line was

  $ /Users/bzcschae/workspace/MESSI-SFA/configure

## --------- ##
## Platform. ##
## --------- ##

hostname = MacBook-Air.fritz.box
uname -m = arm64
uname -r = 21.6.0
uname -s = Darwin
uname -v = Darwin Kernel Version 21.6.0: Wed Aug 10 14:28:35 PDT 2022; root:xnu-8020.141.5~2/RELEASE_ARM64_T8101

/usr/bin/uname -p = arm
/bin/uname -X     = unknown

/bin/arch              = unknown
/usr/bin/arch -k       = unknown
/usr/convex/getsysinfo = unknown
/usr/bin/hostinfo      = Mach kernel version:
	 Darwin Kernel Version 21.6.0: Wed Aug 10 14:28:35 PDT 2022; root:xnu-8020.141.5~2/RELEASE_ARM64_T8101
Kernel configured for up to 8 processors.
8 processors are physically available.
8 processors are logically available.
Processor type: arm64e (ARM64E)
Processors active: 0 1 2 3 4 5 6 7
Primary memory available: 16.00 gigabytes
Default processor set: 453 tasks, 2955 threads, 8 processors
Load average: 5.36, Mach factor: 4.07
/bin/machine           = unknown
/usr/bin/oslevel       = unknown
/bin/universe          = unknown

PATH: /opt/miniconda3/bin/
PATH: /opt/miniconda3/condabin/
PATH: /usr/local/texbin/
PATH: /opt/local/bin/
PATH: /opt/local/include/
PATH: /opt/local/sbin/
PATH: /Library/Frameworks/Mono.framework/Versions/5.10.1/bin/
PATH: /usr/local/bin/
PATH: /usr/bin/
PATH: /bin/
PATH: /usr/sbin/
PATH: /sbin/
PATH: /Library/TeX/texbin/
PATH: /opt/Ghostscript/bin/
PATH: /opt/X11/bin/
PATH: /Library/Apple/usr/bin/
PATH: /Library/Frameworks/Mono.framework/Versions/Current/Commands/
PATH: /opt/ImageMagick/bin/
PATH: /opt/local/libexec/llvm-7.0/bin/
PATH: /Users/bzcschae/Library/Application Support/JetBrains/Toolbox/scripts/
PATH: /Users/bzcschae/Library/Application Support/JetBrains/Toolbox/apps/CLion/ch-0/222.3739.54/CLion.app/Contents/bin/ninja/mac/


## ----------- ##
## Core tests. ##
## ----------- ##

configure:2450: looking for aux files: compile missing install-sh
configure:2463:  trying /Users/bzcschae/workspace/MESSI-SFA/
configure:2492:   /Users/bzcschae/workspace/MESSI-SFA/compile found
configure:2492:   /Users/bzcschae/workspace/MESSI-SFA/missing found
configure:2474:   /Users/bzcschae/workspace/MESSI-SFA/install-sh found
configure:2622: checking for a BSD-compatible install
configure:2695: result: /opt/local/bin/ginstall -c
configure:2706: checking whether build environment is sane
configure:2761: result: yes
configure:2920: checking for a race-free mkdir -p
configure:2964: result: /opt/local/bin/gmkdir -p
configure:2971: checking for gawk
configure:2992: found /opt/local/bin/gawk
configure:3003: result: gawk
configure:3014: checking whether make sets $(MAKE)
configure:3037: result: yes
configure:3067: checking whether make supports nested variables
configure:3085: result: yes
configure:3346: checking for C++ compiler version
configure:3355: /opt/local/bin/g++ --version >&5
g++ (MacPorts gcc-devel 12-20220615_4+stdlib_flag) 12.1.0
Copyright (C) 2022 Free Software Foundation, Inc.
This is free software; see the source for copying conditions.  There is NO
warranty; not even for MERCHANTABILITY or FITNESS FOR A PARTICULAR PURPOSE.

configure:3366: $? = 0
configure:3355: /opt/local/bin/g++ -v >&5
Using built-in specs.
COLLECT_GCC=/opt/local/bin/g++
COLLECT_LTO_WRAPPER=/opt/local/libexec/gcc/arm64-apple-darwin21/12.1.0/lto-wrapper
Target: arm64-apple-darwin21
Configured with: /opt/local/var/macports/build/_opt_bblocal_var_buildworker_ports_build_ports_lang_gcc-devel/gcc-devel/work/gcc-12-branch-a613c586b5461d7fb99fa076ef7e59eca4227fae/configure --prefix=/opt/local --build=arm64-apple-darwin21 --enable-languages=c,c++,objc,obj-c++,lto,fortran,jit --libdir=/opt/local/lib/gcc-devel --includedir=/opt/local/include/gcc-devel --infodir=/opt/local/share/info --mandir=/opt/local/share/man --datarootdir=/opt/local/share/gcc-devel --with-local-prefix=/opt/local --with-system-zlib --disable-nls --program-suffix=-mp-devel --with-gxx-include-dir=/opt/local/include/gcc-devel/c++/ --with-gmp=/opt/local --with-mpfr=/opt/local --with-mpc=/opt/local --with-isl=/opt/local --with-zstd=/opt/local --enable-checking=release --disable-multilib --enable-lto --enable-libstdcxx-time --with-build-config=bootstrap-debug --with-as=/opt/local/bin/as --with-ld=/opt/local/bin/ld --with-ar=/opt/local/bin/ar --with-bugurl=https://trac.macports.org/newticket --enable-host-shared --with-darwin-extra-rpath=/opt/local/lib/libgcc --with-libiconv-prefix=/opt/local --disable-tls --with-gxx-libcxx-include-dir=/opt/local/libexec/llvm-14/include/c++/v1 --with-pkgversion='MacPorts gcc-devel 12-20220615_4+stdlib_flag' --with-sysroot=/Library/Developer/CommandLineTools/SDKs/MacOSX12.sdk
Thread model: posix
Supported LTO compression algorithms: zlib zstd
gcc version 12.1.0 (MacPorts gcc-devel 12-20220615_4+stdlib_flag) 
configure:3366: $? = 0
configure:3355: /opt/local/bin/g++ -V >&5
g++: error: unrecognized command-line option '-V'
g++: fatal error: no input files
compilation terminated.
configure:3366: $? = 1
configure:3355: /opt/local/bin/g++ -qversion >&5
g++: error: unrecognized command-line option '-qversion'; did you mean '--version'?
g++: fatal error: no input files
compilation terminated.
configure:3366: $? = 1
configure:3386: checking whether the C++ compiler works
configure:3408: /opt/local/bin/g++    conftest.cpp  >&5
configure:3412: $? = 0
configure:3462: result: yes
configure:3465: checking for C++ compiler default output file name
configure:3467: result: a.out
configure:3473: checking for suffix of executables
configure:3480: /opt/local/bin/g++ -o conftest    conftest.cpp  >&5
configure:3484: $? = 0
configure:3507: result: 
configure:3529: checking whether we are cross compiling
configure:3537: /opt/local/bin/g++ -o conftest    conftest.cpp  >&5
configure:3541: $? = 0
configure:3548: ./conftest
configure:3552: $? = 0
configure:3567: result: no
configure:3572: checking for suffix of object files
configure:3595: /opt/local/bin/g++ -c   conftest.cpp >&5
configure:3599: $? = 0
configure:3621: result: o
configure:3625: checking whether the compiler supports GNU C++
configure:3645: /opt/local/bin/g++ -c   conftest.cpp >&5
configure:3645: $? = 0
configure:3655: result: yes
configure:3666: checking whether /opt/local/bin/g++ accepts -g
configure:3687: /opt/local/bin/g++ -c -g  conftest.cpp >&5
configure:3687: $? = 0
configure:3731: result: yes
configure:3751: checking for /opt/local/bin/g++ option to enable C++11 features
configure:3766: /opt/local/bin/g++  -c -g -O2  conftest.cpp >&5
conftest.cpp: In function 'int main(int, char**)':
conftest.cpp:175:25: warning: empty parentheses were disambiguated as a function declaration [-Wvexing-parse]
  175 |   cxx11test::delegate d2();
      |                         ^~
conftest.cpp:175:25: note: remove parentheses to default-initialize a variable
  175 |   cxx11test::delegate d2();
      |                         ^~
      |                         --
conftest.cpp:175:25: note: or replace parentheses with braces to value-initialize a variable
configure:3766: $? = 0
configure:3784: result: none needed
configure:3851: checking whether make supports the include directive
configure:3866: make -f confmf.GNU && cat confinc.out
this is the am__doit target
configure:3869: $? = 0
configure:3888: result: yes (GNU style)
configure:3914: checking dependency style of /opt/local/bin/g++
configure:4026: result: gcc3
configure:4103: checking for gcc
configure:4135: result: /opt/local/bin/gcc
configure:4488: checking for C compiler version
configure:4497: /opt/local/bin/gcc --version >&5
gcc (MacPorts gcc-devel 12-20220615_4+stdlib_flag) 12.1.0
Copyright (C) 2022 Free Software Foundation, Inc.
This is free software; see the source for copying conditions.  There is NO
warranty; not even for MERCHANTABILITY or FITNESS FOR A PARTICULAR PURPOSE.

configure:4508: $? = 0
configure:4497: /opt/local/bin/gcc -v >&5
Using built-in specs.
COLLECT_GCC=/opt/local/bin/gcc
COLLECT_LTO_WRAPPER=/opt/local/libexec/gcc/arm64-apple-darwin21/12.1.0/lto-wrapper
Target: arm64-apple-darwin21
Configured with: /opt/local/var/macports/build/_opt_bblocal_var_buildworker_ports_build_ports_lang_gcc-devel/gcc-devel/work/gcc-12-branch-a613c586b5461d7fb99fa076ef7e59eca4227fae/configure --prefix=/opt/local --build=arm64-apple-darwin21 --enable-languages=c,c++,objc,obj-c++,lto,fortran,jit --libdir=/opt/local/lib/gcc-devel --includedir=/opt/local/include/gcc-devel --infodir=/opt/local/share/info --mandir=/opt/local/share/man --datarootdir=/opt/local/share/gcc-devel --with-local-prefix=/opt/local --with-system-zlib --disable-nls --program-suffix=-mp-devel --with-gxx-include-dir=/opt/local/include/gcc-devel/c++/ --with-gmp=/opt/local --with-mpfr=/opt/local --with-mpc=/opt/local --with-isl=/opt/local --with-zstd=/opt/local --enable-checking=release --disable-multilib --enable-lto --enable-libstdcxx-time --with-build-config=bootstrap-debug --with-as=/opt/local/bin/as --with-ld=/opt/local/bin/ld --with-ar=/opt/local/bin/ar --with-bugurl=https://trac.macports.org/newticket --enable-host-shared --with-darwin-extra-rpath=/opt/local/lib/libgcc --with-libiconv-prefix=/opt/local --disable-tls --with-gxx-libcxx-include-dir=/opt/local/libexec/llvm-14/include/c++/v1 --with-pkgversion='MacPorts gcc-devel 12-20220615_4+stdlib_flag' --with-sysroot=/Library/Developer/CommandLineTools/SDKs/MacOSX12.sdk
Thread model: posix
Supported LTO compression algorithms: zlib zstd
gcc version 12.1.0 (MacPorts gcc-devel 12-20220615_4+stdlib_flag) 
configure:4508: $? = 0
configure:4497: /opt/local/bin/gcc -V >&5
gcc: error: unrecognized command-line option '-V'
gcc: fatal error: no input files
compilation terminated.
configure:4508: $? = 1
configure:4497: /opt/local/bin/gcc -qversion >&5
gcc: error: unrecognized command-line option '-qversion'; did you mean '--version'?
gcc: fatal error: no input files
compilation terminated.
configure:4508: $? = 1
configure:4497: /opt/local/bin/gcc -version >&5
gcc: error: unrecognized command-line option '-version'
gcc: fatal error: no input files
compilation terminated.
configure:4508: $? = 1
configure:4512: checking whether the compiler supports GNU C
configure:4532: /opt/local/bin/gcc -c   conftest.c >&5
configure:4532: $? = 0
configure:4542: result: yes
configure:4553: checking whether /opt/local/bin/gcc accepts -g
configure:4574: /opt/local/bin/gcc -c -g  conftest.c >&5
configure:4574: $? = 0
configure:4618: result: yes
configure:4638: checking for /opt/local/bin/gcc option to enable C11 features
configure:4653: /opt/local/bin/gcc  -c -g -O2  conftest.c >&5
configure:4653: $? = 0
configure:4671: result: none needed
configure:4787: checking whether /opt/local/bin/gcc understands -c and -o together
configure:4810: /opt/local/bin/gcc -c conftest.c -o conftest2.o
configure:4813: $? = 0
configure:4810: /opt/local/bin/gcc -c conftest.c -o conftest2.o
configure:4813: $? = 0
configure:4825: result: yes
configure:4844: checking dependency style of /opt/local/bin/gcc
configure:4956: result: gcc3
configure:5019: checking for ranlib
configure:5040: found /opt/local/bin/ranlib
configure:5051: result: ranlib
configure:5079: checking for stdio.h
configure:5079: /opt/local/bin/gcc -c -g -O2  conftest.c >&5
configure:5079: $? = 0
configure:5079: result: yes
configure:5079: checking for stdlib.h
configure:5079: /opt/local/bin/gcc -c -g -O2  conftest.c >&5
configure:5079: $? = 0
configure:5079: result: yes
configure:5079: checking for string.h
configure:5079: /opt/local/bin/gcc -c -g -O2  conftest.c >&5
configure:5079: $? = 0
configure:5079: result: yes
configure:5079: checking for inttypes.h
configure:5079: /opt/local/bin/gcc -c -g -O2  conftest.c >&5
configure:5079: $? = 0
configure:5079: result: yes
configure:5079: checking for stdint.h
configure:5079: /opt/local/bin/gcc -c -g -O2  conftest.c >&5
configure:5079: $? = 0
configure:5079: result: yes
configure:5079: checking for strings.h
configure:5079: /opt/local/bin/gcc -c -g -O2  conftest.c >&5
configure:5079: $? = 0
configure:5079: result: yes
configure:5079: checking for sys/stat.h
configure:5079: /opt/local/bin/gcc -c -g -O2  conftest.c >&5
configure:5079: $? = 0
configure:5079: result: yes
configure:5079: checking for sys/types.h
configure:5079: /opt/local/bin/gcc -c -g -O2  conftest.c >&5
configure:5079: $? = 0
configure:5079: result: yes
configure:5079: checking for unistd.h
configure:5079: /opt/local/bin/gcc -c -g -O2  conftest.c >&5
configure:5079: $? = 0
configure:5079: result: yes
configure:5104: checking for values.h
configure:5104: /opt/local/bin/gcc -c -g -O2  conftest.c >&5
conftest.c:47:10: fatal error: values.h: No such file or directory
   47 | #include <values.h>
      |          ^~~~~~~~~~
compilation terminated.
configure:5104: $? = 1
configure: failed program was:
| /* confdefs.h */
| #define PACKAGE_NAME "ParIS Parallel index of sequence"
| #define PACKAGE_TARNAME "libads"
| #define PACKAGE_VERSION "1.3"
| #define PACKAGE_STRING "ParIS Parallel index of sequence 1.3"
| #define PACKAGE_BUGREPORT "botao.peng@parisdescartes.fr"
| #define PACKAGE_URL ""
| #define HAVE_STDIO_H 1
| #define HAVE_STDLIB_H 1
| #define HAVE_STRING_H 1
| #define HAVE_INTTYPES_H 1
| #define HAVE_STDINT_H 1
| #define HAVE_STRINGS_H 1
| #define HAVE_SYS_STAT_H 1
| #define HAVE_SYS_TYPES_H 1
| #define HAVE_UNISTD_H 1
| #define STDC_HEADERS 1
| /* end confdefs.h.  */
| #include <stddef.h>
| #ifdef HAVE_STDIO_H
| # include <stdio.h>
| #endif
| #ifdef HAVE_STDLIB_H
| # include <stdlib.h>
| #endif
| #ifdef HAVE_STRING_H
| # include <string.h>
| #endif
| #ifdef HAVE_INTTYPES_H
| # include <inttypes.h>
| #endif
| #ifdef HAVE_STDINT_H
| # include <stdint.h>
| #endif
| #ifdef HAVE_STRINGS_H
| # include <strings.h>
| #endif
| #ifdef HAVE_SYS_TYPES_H
| # include <sys/types.h>
| #endif
| #ifdef HAVE_SYS_STAT_H
| # include <sys/stat.h>
| #endif
| #ifdef HAVE_UNISTD_H
| # include <unistd.h>
| #endif
| #include <values.h>
configure:5104: result: no
configure:5299: checking that generated files are newer than configure
configure:5305: result: done
configure:5332: creating ./config.status

## ---------------------- ##
## Running config.status. ##
## ---------------------- ##

This file was extended by ParIS Parallel index of sequence config.status 1.3, which was
generated by GNU Autoconf 2.71.  Invocation command line was

  CONFIG_FILES    = 
  CONFIG_HEADERS  = 
  CONFIG_LINKS    = 
  CONFIG_COMMANDS = 
  $ ./config.status 

on MacBook-Air.fritz.box

config.status:853: creating Makefile
config.status:853: creating config.h
config.status:1019: config.h is unchanged
config.status:1067: executing depfiles commands
config.status:1144: cd .       && sed -e '/# am--include-marker/d' Makefile         | make -f - am--depfiles
make: Nothing to be done for `am--depfiles'.
config.status:1149: $? = 0

## ---------------- ##
## Cache variables. ##
## ---------------- ##

ac_cv_c_compiler_gnu=yes
ac_cv_cxx_compiler_gnu=yes
ac_cv_env_CCC_set=
ac_cv_env_CCC_value=
ac_cv_env_CC_set=set
ac_cv_env_CC_value=/opt/local/bin/gcc
ac_cv_env_CFLAGS_set=
ac_cv_env_CFLAGS_value=
ac_cv_env_CPPFLAGS_set=
ac_cv_env_CPPFLAGS_value=
ac_cv_env_CXXFLAGS_set=
ac_cv_env_CXXFLAGS_value=
ac_cv_env_CXX_set=set
ac_cv_env_CXX_value=/opt/local/bin/g++
ac_cv_env_LDFLAGS_set=
ac_cv_env_LDFLAGS_value=
ac_cv_env_LIBS_set=
ac_cv_env_LIBS_value=
ac_cv_env_build_alias_set=
ac_cv_env_build_alias_value=
ac_cv_env_host_alias_set=
ac_cv_env_host_alias_value=
ac_cv_env_target_alias_set=
ac_cv_env_target_alias_value=
ac_cv_header_inttypes_h=yes
ac_cv_header_stdint_h=yes
ac_cv_header_stdio_h=yes
ac_cv_header_stdlib_h=yes
ac_cv_header_string_h=yes
ac_cv_header_strings_h=yes
ac_cv_header_sys_stat_h=yes
ac_cv_header_sys_types_h=yes
ac_cv_header_unistd_h=yes
ac_cv_header_values_h=no
ac_cv_objext=o
ac_cv_path_install='/opt/local/bin/ginstall -c'
ac_cv_path_mkdir=/opt/local/bin/gmkdir
ac_cv_prog_AWK=gawk
ac_cv_prog_ac_ct_CC=/opt/local/bin/gcc
ac_cv_prog_ac_ct_RANLIB=ranlib
ac_cv_prog_cc_c11=
ac_cv_prog_cc_g=yes
ac_cv_prog_cc_stdc=
ac_cv_prog_cxx_11=no
ac_cv_prog_cxx_cxx11=
ac_cv_prog_cxx_g=yes
ac_cv_prog_cxx_stdcxx=
ac_cv_prog_make_make_set=yes
am_cv_CC_dependencies_compiler_type=gcc3
am_cv_CXX_dependencies_compiler_type=gcc3
am_cv_make_support_nested_variables=yes
am_cv_prog_cc_c_o=yes

## ----------------- ##
## Output variables. ##
## ----------------- ##

ACLOCAL='${SHELL} '\''/Users/bzcschae/workspace/MESSI-SFA/missing'\'' aclocal-1.16'
AMDEPBACKSLASH='\'
AMDEP_FALSE='#'
AMDEP_TRUE=''
AMTAR='$${TAR-tar}'
AM_BACKSLASH='\'
AM_DEFAULT_V='$(AM_DEFAULT_VERBOSITY)'
AM_DEFAULT_VERBOSITY='1'
AM_V='$(V)'
AUTOCONF='${SHELL} '\''/Users/bzcschae/workspace/MESSI-SFA/missing'\'' autoconf'
AUTOHEADER='${SHELL} '\''/Users/bzcschae/workspace/MESSI-SFA/missing'\'' autoheader'
AUTOMAKE='${SHELL} '\''/Users/bzcschae/workspace/MESSI-SFA/missing'\'' automake-1.16'
AWK='gawk'
CC='/opt/local/bin/gcc'
CCDEPMODE='depmode=gcc3'
CFLAGS='-g -O2'
CPPFLAGS=''
CSCOPE='cscope'
CTAGS='ctags'
CXX='/opt/local/bin/g++'
CXXDEPMODE='depmode=gcc3'
CXXFLAGS='-g -O2'
CYGPATH_W='echo'
DEFS='-DHAVE_CONFIG_H'
DEPDIR='.deps'
ECHO_C='\c'
ECHO_N=''
ECHO_T=''
ETAGS='etags'
EXEEXT=''
INSTALL_DATA='${INSTALL} -m 644'
INSTALL_PROGRAM='${INSTALL}'
INSTALL_SCRIPT='${INSTALL}'
INSTALL_STRIP_PROGRAM='$(install_sh) -c -s'
LDFLAGS=''
LIBOBJS=''
LIBS=''
LTLIBOBJS=''
MAKEINFO='${SHELL} '\''/Users/bzcschae/workspace/MESSI-SFA/missing'\'' makeinfo'
MKDIR_P='/opt/local/bin/gmkdir -p'
OBJEXT='o'
PACKAGE='libads'
PACKAGE_BUGREPORT='botao.peng@parisdescartes.fr'
PACKAGE_NAME='ParIS Parallel index of sequence'
PACKAGE_STRING='ParIS Parallel index of sequence 1.3'
PACKAGE_TARNAME='libads'
PACKAGE_URL=''
PACKAGE_VERSION='1.3'
PATH_SEPARATOR=':'
RANLIB='ranlib'
SET_MAKE=''
SHELL='/bin/sh'
STRIP=''
VERSION='1.3'
ac_ct_CC='/opt/local/bin/gcc'
ac_ct_CXX=''
am__EXEEXT_FALSE=''
am__EXEEXT_TRUE='#'
am__fastdepCC_FALSE='#'
am__fastdepCC_TRUE=''
am__fastdepCXX_FALSE='#'
am__fastdepCXX_TRUE=''
am__include='include'
am__isrc=' -I$(srcdir)'
am__leading_dot='.'
am__nodep='_no'
am__quote=''
am__tar='$${TAR-tar} chof - "$$tardir"'
am__untar='$${TAR-tar} xf -'
bindir='${exec_prefix}/bin'
build_alias=''
datadir='${datarootdir}'
datarootdir='${prefix}/share'
docdir='${datarootdir}/doc/${PACKAGE_TARNAME}'
dvidir='${docdir}'
exec_prefix='${prefix}'
host_alias=''
htmldir='${docdir}'
includedir='${prefix}/include'
infodir='${datarootdir}/info'
install_sh='${SHELL} /Users/bzcschae/workspace/MESSI-SFA/install-sh'
libdir='${exec_prefix}/lib'
libexecdir='${exec_prefix}/libexec'
localedir='${datarootdir}/locale'
localstatedir='${prefix}/var'
mandir='${datarootdir}/man'
mkdir_p='$(MKDIR_P)'
oldincludedir='/usr/include'
pdfdir='${docdir}'
prefix='/usr/local'
program_transform_name='s,x,x,'
psdir='${docdir}'
runstatedir='${localstatedir}/run'
sbindir='${exec_prefix}/sbin'
sharedstatedir='${prefix}/com'
sysconfdir='${prefix}/etc'
target_alias=''

## ----------- ##
## confdefs.h. ##
## ----------- ##

/* confdefs.h */
#define PACKAGE_NAME "ParIS Parallel index of sequence"
#define PACKAGE_TARNAME "libads"
#define PACKAGE_VERSION "1.3"
#define PACKAGE_STRING "ParIS Parallel index of sequence 1.3"
#define PACKAGE_BUGREPORT "botao.peng@parisdescartes.fr"
#define PACKAGE_URL ""
#define HAVE_STDIO_H 1
#define HAVE_STDLIB_H 1
#define HAVE_STRING_H 1
#define HAVE_INTTYPES_H 1
#define HAVE_STDINT_H 1
#define HAVE_STRINGS_H 1
#define HAVE_SYS_STAT_H 1
#define HAVE_SYS_TYPES_H 1
#define HAVE_UNISTD_H 1
#define STDC_HEADERS 1
#define BENCHMARK /**/
#define VERBOSE 0

configure: exit 0
